{"contracts/SuperVoting.sol":{"l":{"13":2,"14":2,"18":1,"22":1,"27":1,"30":1,"34":0},"path":"/home/jlandrews/School/UCBerkeley-EECS-Coursework/B@B/projects/CTTVoting/contracts/SuperVoting.sol","s":{"1":2,"2":1,"3":1,"4":1,"5":0},"b":{"1":[2,0]},"f":{"1":2,"2":1,"3":1,"4":1,"5":0},"fnMap":{"1":{"name":"isAdmin","line":12,"loc":{"start":{"line":12,"column":4},"end":{"line":12,"column":20}}},"2":{"name":"SuperVoting","line":17,"loc":{"start":{"line":17,"column":4},"end":{"line":17,"column":45}}},"3":{"name":"setTokenAddress","line":21,"loc":{"start":{"line":21,"column":4},"end":{"line":21,"column":63}}},"4":{"name":"setVotingMech","line":25,"loc":{"start":{"line":25,"column":4},"end":{"line":25,"column":70}}},"5":{"name":"getAdmin","line":33,"loc":{"start":{"line":33,"column":4},"end":{"line":33,"column":45}}}},"statementMap":{"1":{"start":{"line":13,"column":8},"end":{"line":13,"column":35}},"2":{"start":{"line":18,"column":7},"end":{"line":18,"column":20}},"3":{"start":{"line":22,"column":8},"end":{"line":22,"column":30}},"4":{"start":{"line":27,"column":4},"end":{"line":27,"column":43}},"5":{"start":{"line":34,"column":8},"end":{"line":34,"column":20}}},"branchMap":{"1":{"line":13,"type":"if","locations":[{"start":{"line":13,"column":8},"end":{"line":13,"column":8}},{"start":{"line":13,"column":8},"end":{"line":13,"column":8}}]}}},"contracts/Token.sol":{"l":{"21":0,"22":0,"25":0,"26":0,"29":1,"30":1,"34":1,"35":1,"36":1,"37":1,"38":1,"39":1,"40":1,"48":0,"49":0,"50":0,"51":0,"52":0,"59":0,"60":0,"61":0,"62":0,"63":0,"64":0,"69":0,"73":0,"74":0,"75":0,"79":0,"84":1,"88":0,"92":0,"93":0,"98":0,"99":0,"103":0,"107":0},"path":"/home/jlandrews/School/UCBerkeley-EECS-Coursework/B@B/projects/CTTVoting/contracts/Token.sol","s":{"1":0,"2":0,"3":1,"4":1,"5":1,"6":1,"7":1,"8":1,"9":1,"10":1,"11":0,"12":0,"13":0,"14":0,"15":0,"16":0,"17":0,"18":0,"19":0,"20":0,"21":0,"22":0,"23":0,"24":0,"25":0,"26":0,"27":0,"28":0,"29":1,"30":0,"31":0,"32":0,"33":0,"34":0,"35":0,"36":0},"b":{"1":[0,0],"2":[0,0],"3":[1,0],"4":[0,0],"5":[0,0]},"f":{"1":0,"2":0,"3":1,"4":1,"5":0,"6":0,"7":0,"8":0,"9":0,"10":1,"11":0,"12":0,"13":0,"14":0,"15":0},"fnMap":{"1":{"name":"notLocked","line":20,"loc":{"start":{"line":20,"column":3},"end":{"line":20,"column":37}}},"2":{"name":"isVotingMech","line":24,"loc":{"start":{"line":24,"column":3},"end":{"line":24,"column":25}}},"3":{"name":"isSuperVoting","line":28,"loc":{"start":{"line":28,"column":3},"end":{"line":28,"column":26}}},"4":{"name":"Token","line":33,"loc":{"start":{"line":33,"column":3},"end":{"line":33,"column":52}}},"5":{"name":"transfer","line":43,"loc":{"start":{"line":43,"column":4},"end":{"line":43,"column":100}}},"6":{"name":"transferFrom","line":56,"loc":{"start":{"line":56,"column":4},"end":{"line":56,"column":114}}},"7":{"name":"balanceOf","line":68,"loc":{"start":{"line":68,"column":4},"end":{"line":68,"column":78}}},"8":{"name":"approve","line":72,"loc":{"start":{"line":72,"column":4},"end":{"line":72,"column":82}}},"9":{"name":"allowance","line":78,"loc":{"start":{"line":78,"column":4},"end":{"line":78,"column":98}}},"10":{"name":"newVotingMechanism","line":83,"loc":{"start":{"line":83,"column":3},"end":{"line":83,"column":81}}},"11":{"name":"lockAccount","line":87,"loc":{"start":{"line":87,"column":3},"end":{"line":87,"column":61}}},"12":{"name":"unlockAccount","line":91,"loc":{"start":{"line":91,"column":3},"end":{"line":91,"column":83}}},"13":{"name":"forceUpdate","line":96,"loc":{"start":{"line":96,"column":3},"end":{"line":96,"column":81}}},"14":{"name":"getVotingMech","line":102,"loc":{"start":{"line":102,"column":4},"end":{"line":102,"column":50}}},"15":{"name":"lockedStatus","line":106,"loc":{"start":{"line":106,"column":4},"end":{"line":106,"column":61}}}},"statementMap":{"1":{"start":{"line":21,"column":8},"end":{"line":21,"column":40}},"2":{"start":{"line":25,"column":8},"end":{"line":25,"column":48}},"3":{"start":{"line":29,"column":8},"end":{"line":29,"column":49}},"4":{"start":{"line":34,"column":8},"end":{"line":34,"column":49}},"5":{"start":{"line":35,"column":8},"end":{"line":35,"column":77}},"6":{"start":{"line":36,"column":8},"end":{"line":36,"column":30}},"7":{"start":{"line":37,"column":8},"end":{"line":37,"column":77}},"8":{"start":{"line":38,"column":8},"end":{"line":38,"column":30}},"9":{"start":{"line":39,"column":8},"end":{"line":39,"column":77}},"10":{"start":{"line":40,"column":8},"end":{"line":40,"column":30}},"11":{"start":{"line":48,"column":8},"end":{"line":48,"column":1674}},"12":{"start":{"line":49,"column":12},"end":{"line":49,"column":41}},"13":{"start":{"line":50,"column":12},"end":{"line":50,"column":34}},"14":{"start":{"line":51,"column":12},"end":{"line":51,"column":44}},"15":{"start":{"line":52,"column":12},"end":{"line":52,"column":23}},"16":{"start":{"line":53,"column":17},"end":{"line":53,"column":29}},"17":{"start":{"line":59,"column":8},"end":{"line":59,"column":2280}},"18":{"start":{"line":60,"column":12},"end":{"line":60,"column":34}},"19":{"start":{"line":61,"column":12},"end":{"line":61,"column":36}},"20":{"start":{"line":62,"column":12},"end":{"line":62,"column":47}},"21":{"start":{"line":63,"column":12},"end":{"line":63,"column":39}},"22":{"start":{"line":64,"column":12},"end":{"line":64,"column":23}},"23":{"start":{"line":65,"column":17},"end":{"line":65,"column":29}},"24":{"start":{"line":69,"column":8},"end":{"line":69,"column":31}},"25":{"start":{"line":73,"column":8},"end":{"line":73,"column":45}},"26":{"start":{"line":74,"column":8},"end":{"line":74,"column":45}},"27":{"start":{"line":75,"column":8},"end":{"line":75,"column":19}},"28":{"start":{"line":79,"column":7},"end":{"line":79,"column":39}},"29":{"start":{"line":84,"column":8},"end":{"line":84,"column":47}},"30":{"start":{"line":88,"column":8},"end":{"line":88,"column":37}},"31":{"start":{"line":92,"column":7},"end":{"line":92,"column":38}},"32":{"start":{"line":93,"column":5},"end":{"line":93,"column":35}},"33":{"start":{"line":98,"column":7},"end":{"line":98,"column":64}},"34":{"start":{"line":99,"column":7},"end":{"line":99,"column":36}},"35":{"start":{"line":103,"column":8},"end":{"line":103,"column":33}},"36":{"start":{"line":107,"column":8},"end":{"line":107,"column":38}}},"branchMap":{"1":{"line":21,"type":"if","locations":[{"start":{"line":21,"column":8},"end":{"line":21,"column":8}},{"start":{"line":21,"column":8},"end":{"line":21,"column":8}}]},"2":{"line":25,"type":"if","locations":[{"start":{"line":25,"column":8},"end":{"line":25,"column":8}},{"start":{"line":25,"column":8},"end":{"line":25,"column":8}}]},"3":{"line":29,"type":"if","locations":[{"start":{"line":29,"column":8},"end":{"line":29,"column":8}},{"start":{"line":29,"column":8},"end":{"line":29,"column":8}}]},"4":{"line":48,"type":"if","locations":[{"start":{"line":48,"column":8},"end":{"line":48,"column":8}},{"start":{"line":48,"column":8},"end":{"line":48,"column":8}}]},"5":{"line":59,"type":"if","locations":[{"start":{"line":59,"column":8},"end":{"line":59,"column":8}},{"start":{"line":59,"column":8},"end":{"line":59,"column":8}}]}}},"contracts/TokenInterface.sol":{"l":{},"path":"/home/jlandrews/School/UCBerkeley-EECS-Coursework/B@B/projects/CTTVoting/contracts/TokenInterface.sol","s":{},"b":{},"f":{"1":0,"2":0,"3":0,"4":0,"5":0,"6":0},"fnMap":{"1":{"name":"totalSupply","line":6,"loc":{"start":{"line":6,"column":4},"end":{"line":6,"column":58}}},"2":{"name":"balanceOf","line":10,"loc":{"start":{"line":10,"column":4},"end":{"line":10,"column":71}}},"3":{"name":"transfer","line":16,"loc":{"start":{"line":16,"column":4},"end":{"line":16,"column":71}}},"4":{"name":"transferFrom","line":23,"loc":{"start":{"line":23,"column":4},"end":{"line":23,"column":90}}},"5":{"name":"approve","line":29,"loc":{"start":{"line":29,"column":4},"end":{"line":29,"column":75}}},"6":{"name":"allowance","line":34,"loc":{"start":{"line":34,"column":4},"end":{"line":34,"column":91}}}},"statementMap":{},"branchMap":{}},"contracts/VotingMechanism.sol":{"l":{"60":1,"61":1,"68":0,"69":0,"70":0,"80":0,"85":0,"86":0,"91":0,"101":0,"105":0,"106":0,"118":0,"119":0,"121":0,"122":0,"128":0,"129":0,"131":0,"133":0,"134":0,"137":0,"144":0,"145":0,"147":0,"148":0,"150":0,"151":0,"152":0,"153":0,"155":0,"160":0,"161":0,"162":0,"163":0,"164":0,"165":0,"168":0,"174":0,"178":0},"path":"/home/jlandrews/School/UCBerkeley-EECS-Coursework/B@B/projects/CTTVoting/contracts/VotingMechanism.sol","s":{"1":0,"2":0,"3":0,"4":0,"5":0,"6":0,"7":0,"8":0,"9":0,"10":0,"11":0,"12":0,"13":1,"14":1,"15":0,"16":0,"17":0,"18":0,"19":0,"20":0,"21":0,"22":0,"23":0,"24":0,"25":0,"26":0,"27":0,"28":0,"29":0,"30":0,"31":0,"32":0,"33":0,"34":0,"35":0,"36":0,"37":0,"38":0,"39":0,"40":0,"41":0,"42":0,"43":0,"44":0,"45":0,"46":0,"47":0},"b":{"1":[0,0],"2":[0,0],"3":[0,0],"4":[0,0],"5":[0,0],"6":[0,0],"7":[0,0],"8":[0,0],"9":[0,0],"10":[0,0],"11":[0,0],"12":[0,0],"13":[0,0],"14":[0,0],"15":[0,0]},"f":{"1":0,"2":0,"3":0,"4":0,"5":0,"6":0,"7":0,"8":0,"9":0,"10":0,"11":0,"12":0,"13":1,"14":0,"15":0,"16":0,"17":0,"18":0,"19":0,"20":0,"21":0,"22":0,"23":0,"24":0},"fnMap":{"1":{"name":"isVoting","line":43,"loc":{"start":{"line":43,"column":4},"end":{"line":43,"column":21}}},"2":{"name":"unlocked","line":44,"loc":{"start":{"line":44,"column":3},"end":{"line":44,"column":21}}},"3":{"name":"notYetVoted","line":46,"loc":{"start":{"line":46,"column":4},"end":{"line":46,"column":24}}},"4":{"name":"isAdmin","line":47,"loc":{"start":{"line":47,"column":4},"end":{"line":47,"column":20}}},"5":{"name":"isRevealing","line":48,"loc":{"start":{"line":48,"column":4},"end":{"line":48,"column":24}}},"6":{"name":"notYetRevealed","line":49,"loc":{"start":{"line":49,"column":4},"end":{"line":49,"column":27}}},"7":{"name":"hasFunds","line":50,"loc":{"start":{"line":50,"column":4},"end":{"line":50,"column":34}}},"8":{"name":"validCommitment","line":51,"loc":{"start":{"line":51,"column":4},"end":{"line":51,"column":56}}},"9":{"name":"isFinished","line":52,"loc":{"start":{"line":52,"column":4},"end":{"line":52,"column":23}}},"10":{"name":"validPhaseTime","line":54,"loc":{"start":{"line":54,"column":4},"end":{"line":54,"column":27}}},"11":{"name":"isPastPhaseTime","line":56,"loc":{"start":{"line":56,"column":4},"end":{"line":56,"column":28}}},"12":{"name":"checkValLength","line":57,"loc":{"start":{"line":57,"column":3},"end":{"line":57,"column":40}}},"13":{"name":"VotingMechanism","line":59,"loc":{"start":{"line":59,"column":4},"end":{"line":59,"column":69}}},"14":{"name":"newVotingSession","line":66,"loc":{"start":{"line":66,"column":4},"end":{"line":66,"column":112}}},"15":{"name":"getQuestion","line":79,"loc":{"start":{"line":79,"column":4},"end":{"line":79,"column":57}}},"16":{"name":"moveToReveal","line":84,"loc":{"start":{"line":84,"column":4},"end":{"line":84,"column":64}}},"17":{"name":"moveToFinish","line":90,"loc":{"start":{"line":90,"column":4},"end":{"line":90,"column":67}}},"18":{"name":"vote","line":95,"loc":{"start":{"line":95,"column":4},"end":{"line":100,"column":5}}},"19":{"name":"reveal","line":110,"loc":{"start":{"line":110,"column":4},"end":{"line":117,"column":5}}},"20":{"name":"unlock","line":126,"loc":{"start":{"line":126,"column":4},"end":{"line":126,"column":32}}},"21":{"name":"computeCharge","line":143,"loc":{"start":{"line":143,"column":3},"end":{"line":143,"column":56}}},"22":{"name":"argmax","line":159,"loc":{"start":{"line":159,"column":3},"end":{"line":159,"column":47}}},"23":{"name":"slash","line":173,"loc":{"start":{"line":173,"column":4},"end":{"line":173,"column":41}}},"24":{"name":"getVote","line":177,"loc":{"start":{"line":177,"column":4},"end":{"line":177,"column":68}}}},"statementMap":{"1":{"start":{"line":43,"column":26},"end":{"line":43,"column":92}},"2":{"start":{"line":44,"column":25},"end":{"line":44,"column":64}},"3":{"start":{"line":46,"column":29},"end":{"line":46,"column":93}},"4":{"start":{"line":47,"column":25},"end":{"line":47,"column":52}},"5":{"start":{"line":48,"column":29},"end":{"line":48,"column":98}},"6":{"start":{"line":49,"column":32},"end":{"line":49,"column":158}},"7":{"start":{"line":50,"column":39},"end":{"line":50,"column":98}},"8":{"start":{"line":51,"column":61},"end":{"line":51,"column":157}},"9":{"start":{"line":52,"column":28},"end":{"line":52,"column":119}},"10":{"start":{"line":54,"column":32},"end":{"line":54,"column":148}},"11":{"start":{"line":56,"column":33},"end":{"line":56,"column":150}},"12":{"start":{"line":57,"column":44},"end":{"line":57,"column":117}},"13":{"start":{"line":60,"column":8},"end":{"line":60,"column":21}},"14":{"start":{"line":61,"column":8},"end":{"line":61,"column":30}},"15":{"start":{"line":68,"column":8},"end":{"line":68,"column":26}},"16":{"start":{"line":69,"column":8},"end":{"line":69,"column":40}},"17":{"start":{"line":70,"column":8},"end":{"line":70,"column":3641}},"18":{"start":{"line":80,"column":8},"end":{"line":80,"column":54}},"19":{"start":{"line":85,"column":8},"end":{"line":85,"column":67}},"20":{"start":{"line":86,"column":7},"end":{"line":86,"column":69}},"21":{"start":{"line":91,"column":8},"end":{"line":91,"column":66}},"22":{"start":{"line":101,"column":8},"end":{"line":101,"column":5016}},"23":{"start":{"line":105,"column":8},"end":{"line":105,"column":50}},"24":{"start":{"line":118,"column":8},"end":{"line":118,"column":5588}},"25":{"start":{"line":119,"column":12},"end":{"line":119,"column":68}},"26":{"start":{"line":121,"column":7},"end":{"line":121,"column":71}},"27":{"start":{"line":122,"column":8},"end":{"line":122,"column":72}},"28":{"start":{"line":128,"column":8},"end":{"line":128,"column":6038}},"29":{"start":{"line":129,"column":12},"end":{"line":129,"column":28}},"30":{"start":{"line":131,"column":12},"end":{"line":131,"column":50}},"31":{"start":{"line":133,"column":12},"end":{"line":133,"column":91}},"32":{"start":{"line":137,"column":7},"end":{"line":137,"column":36}},"33":{"start":{"line":144,"column":5},"end":{"line":144,"column":63}},"34":{"start":{"line":145,"column":8},"end":{"line":145,"column":42}},"35":{"start":{"line":147,"column":8},"end":{"line":147,"column":7126}},"36":{"start":{"line":148,"column":12},"end":{"line":148,"column":130}},"37":{"start":{"line":150,"column":8},"end":{"line":150,"column":74}},"38":{"start":{"line":151,"column":8},"end":{"line":151,"column":42}},"39":{"start":{"line":152,"column":8},"end":{"line":152,"column":7439}},"40":{"start":{"line":153,"column":12},"end":{"line":153,"column":65}},"41":{"start":{"line":155,"column":11},"end":{"line":155,"column":19}},"42":{"start":{"line":162,"column":8},"end":{"line":162,"column":7690}},"43":{"start":{"line":163,"column":12},"end":{"line":163,"column":7745}},"44":{"start":{"line":164,"column":16},"end":{"line":164,"column":33}},"45":{"start":{"line":165,"column":16},"end":{"line":165,"column":22}},"46":{"start":{"line":168,"column":8},"end":{"line":168,"column":18}},"47":{"start":{"line":178,"column":8},"end":{"line":178,"column":136}}},"branchMap":{"1":{"line":43,"type":"if","locations":[{"start":{"line":43,"column":26},"end":{"line":43,"column":26}},{"start":{"line":43,"column":26},"end":{"line":43,"column":26}}]},"2":{"line":44,"type":"if","locations":[{"start":{"line":44,"column":25},"end":{"line":44,"column":25}},{"start":{"line":44,"column":25},"end":{"line":44,"column":25}}]},"3":{"line":46,"type":"if","locations":[{"start":{"line":46,"column":29},"end":{"line":46,"column":29}},{"start":{"line":46,"column":29},"end":{"line":46,"column":29}}]},"4":{"line":47,"type":"if","locations":[{"start":{"line":47,"column":25},"end":{"line":47,"column":25}},{"start":{"line":47,"column":25},"end":{"line":47,"column":25}}]},"5":{"line":48,"type":"if","locations":[{"start":{"line":48,"column":29},"end":{"line":48,"column":29}},{"start":{"line":48,"column":29},"end":{"line":48,"column":29}}]},"6":{"line":49,"type":"if","locations":[{"start":{"line":49,"column":32},"end":{"line":49,"column":32}},{"start":{"line":49,"column":32},"end":{"line":49,"column":32}}]},"7":{"line":50,"type":"if","locations":[{"start":{"line":50,"column":39},"end":{"line":50,"column":39}},{"start":{"line":50,"column":39},"end":{"line":50,"column":39}}]},"8":{"line":51,"type":"if","locations":[{"start":{"line":51,"column":61},"end":{"line":51,"column":61}},{"start":{"line":51,"column":61},"end":{"line":51,"column":61}}]},"9":{"line":52,"type":"if","locations":[{"start":{"line":52,"column":28},"end":{"line":52,"column":28}},{"start":{"line":52,"column":28},"end":{"line":52,"column":28}}]},"10":{"line":54,"type":"if","locations":[{"start":{"line":54,"column":32},"end":{"line":54,"column":32}},{"start":{"line":54,"column":32},"end":{"line":54,"column":32}}]},"11":{"line":56,"type":"if","locations":[{"start":{"line":56,"column":33},"end":{"line":56,"column":33}},{"start":{"line":56,"column":33},"end":{"line":56,"column":33}}]},"12":{"line":57,"type":"if","locations":[{"start":{"line":57,"column":44},"end":{"line":57,"column":44}},{"start":{"line":57,"column":44},"end":{"line":57,"column":44}}]},"13":{"line":128,"type":"if","locations":[{"start":{"line":128,"column":8},"end":{"line":128,"column":8}},{"start":{"line":128,"column":8},"end":{"line":128,"column":8}}]},"14":{"line":152,"type":"if","locations":[{"start":{"line":152,"column":8},"end":{"line":152,"column":8}},{"start":{"line":152,"column":8},"end":{"line":152,"column":8}}]},"15":{"line":163,"type":"if","locations":[{"start":{"line":163,"column":12},"end":{"line":163,"column":12}},{"start":{"line":163,"column":12},"end":{"line":163,"column":12}}]}}}}