TN:
SF:/home/jlandrews/School/UCBerkeley-EECS-Coursework/B@B/projects/CTTVoting/contracts/SuperVoting.sol
FN:12,isAdmin
FN:17,SuperVoting
FN:21,setTokenAddress
FN:25,setVotingMech
FN:33,getAdmin
FNF:5
FNH:4
FNDA:2,isAdmin
FNDA:1,SuperVoting
FNDA:1,setTokenAddress
FNDA:1,setVotingMech
FNDA:0,getAdmin
DA:13,2
DA:14,2
DA:18,1
DA:22,1
DA:27,1
DA:30,1
DA:34,0
LF:7
LH:6
BRDA:13,1,0,2
BRDA:13,1,1,0
BRF:2
BRH:1
end_of_record
TN:
SF:/home/jlandrews/School/UCBerkeley-EECS-Coursework/B@B/projects/CTTVoting/contracts/Token.sol
FN:20,notLocked
FN:24,isVotingMech
FN:28,isSuperVoting
FN:33,Token
FN:43,transfer
FN:56,transferFrom
FN:68,balanceOf
FN:72,approve
FN:78,allowance
FN:83,newVotingMechanism
FN:87,lockAccount
FN:91,unlockAccount
FN:96,forceUpdate
FN:102,getVotingMech
FN:106,lockedStatus
FNF:15
FNH:3
FNDA:0,notLocked
FNDA:0,isVotingMech
FNDA:1,isSuperVoting
FNDA:1,Token
FNDA:0,transfer
FNDA:0,transferFrom
FNDA:0,balanceOf
FNDA:0,approve
FNDA:0,allowance
FNDA:1,newVotingMechanism
FNDA:0,lockAccount
FNDA:0,unlockAccount
FNDA:0,forceUpdate
FNDA:0,getVotingMech
FNDA:0,lockedStatus
DA:21,0
DA:22,0
DA:25,0
DA:26,0
DA:29,1
DA:30,1
DA:34,1
DA:35,1
DA:36,1
DA:37,1
DA:38,1
DA:39,1
DA:40,1
DA:48,0
DA:49,0
DA:50,0
DA:51,0
DA:52,0
DA:59,0
DA:60,0
DA:61,0
DA:62,0
DA:63,0
DA:64,0
DA:69,0
DA:73,0
DA:74,0
DA:75,0
DA:79,0
DA:84,1
DA:88,0
DA:92,0
DA:93,0
DA:98,0
DA:99,0
DA:103,0
DA:107,0
LF:37
LH:10
BRDA:21,1,0,0
BRDA:21,1,1,0
BRDA:25,2,0,0
BRDA:25,2,1,0
BRDA:29,3,0,1
BRDA:29,3,1,0
BRDA:48,4,0,0
BRDA:48,4,1,0
BRDA:59,5,0,0
BRDA:59,5,1,0
BRF:10
BRH:1
end_of_record
TN:
SF:/home/jlandrews/School/UCBerkeley-EECS-Coursework/B@B/projects/CTTVoting/contracts/TokenInterface.sol
FN:6,totalSupply
FN:10,balanceOf
FN:16,transfer
FN:23,transferFrom
FN:29,approve
FN:34,allowance
FNF:6
FNH:0
FNDA:0,totalSupply
FNDA:0,balanceOf
FNDA:0,transfer
FNDA:0,transferFrom
FNDA:0,approve
FNDA:0,allowance
LF:0
LH:0
BRF:0
BRH:0
end_of_record
TN:
SF:/home/jlandrews/School/UCBerkeley-EECS-Coursework/B@B/projects/CTTVoting/contracts/VotingMechanism.sol
FN:43,isVoting
FN:44,unlocked
FN:46,notYetVoted
FN:47,isAdmin
FN:48,isRevealing
FN:49,notYetRevealed
FN:50,hasFunds
FN:51,validCommitment
FN:52,isFinished
FN:54,validPhaseTime
FN:56,isPastPhaseTime
FN:57,checkValLength
FN:59,VotingMechanism
FN:66,newVotingSession
FN:79,getQuestion
FN:84,moveToReveal
FN:90,moveToFinish
FN:95,vote
FN:110,reveal
FN:126,unlock
FN:143,computeCharge
FN:159,argmax
FN:173,slash
FN:177,getVote
FNF:24
FNH:1
FNDA:0,isVoting
FNDA:0,unlocked
FNDA:0,notYetVoted
FNDA:0,isAdmin
FNDA:0,isRevealing
FNDA:0,notYetRevealed
FNDA:0,hasFunds
FNDA:0,validCommitment
FNDA:0,isFinished
FNDA:0,validPhaseTime
FNDA:0,isPastPhaseTime
FNDA:0,checkValLength
FNDA:1,VotingMechanism
FNDA:0,newVotingSession
FNDA:0,getQuestion
FNDA:0,moveToReveal
FNDA:0,moveToFinish
FNDA:0,vote
FNDA:0,reveal
FNDA:0,unlock
FNDA:0,computeCharge
FNDA:0,argmax
FNDA:0,slash
FNDA:0,getVote
DA:60,1
DA:61,1
DA:68,0
DA:69,0
DA:70,0
DA:80,0
DA:85,0
DA:86,0
DA:91,0
DA:101,0
DA:105,0
DA:106,0
DA:118,0
DA:119,0
DA:121,0
DA:122,0
DA:128,0
DA:129,0
DA:131,0
DA:133,0
DA:134,0
DA:137,0
DA:144,0
DA:145,0
DA:147,0
DA:148,0
DA:150,0
DA:151,0
DA:152,0
DA:153,0
DA:155,0
DA:160,0
DA:161,0
DA:162,0
DA:163,0
DA:164,0
DA:165,0
DA:168,0
DA:174,0
DA:178,0
LF:40
LH:2
BRDA:43,1,0,0
BRDA:43,1,1,0
BRDA:44,2,0,0
BRDA:44,2,1,0
BRDA:46,3,0,0
BRDA:46,3,1,0
BRDA:47,4,0,0
BRDA:47,4,1,0
BRDA:48,5,0,0
BRDA:48,5,1,0
BRDA:49,6,0,0
BRDA:49,6,1,0
BRDA:50,7,0,0
BRDA:50,7,1,0
BRDA:51,8,0,0
BRDA:51,8,1,0
BRDA:52,9,0,0
BRDA:52,9,1,0
BRDA:54,10,0,0
BRDA:54,10,1,0
BRDA:56,11,0,0
BRDA:56,11,1,0
BRDA:57,12,0,0
BRDA:57,12,1,0
BRDA:128,13,0,0
BRDA:128,13,1,0
BRDA:152,14,0,0
BRDA:152,14,1,0
BRDA:163,15,0,0
BRDA:163,15,1,0
BRF:30
BRH:0
end_of_record
